kotlin version: 1.8.20
error message: java.lang.IllegalStateException: e: Could not find "/Users/javid/MultiPatformApp/shared/build/kotlinTransformedMetadataLibraries/commonMain/org.jetbrains.kotlinx-atomicfu-0.17.3-nativeInterop-8G5yng.klib" in [/Users/javid/Library/Application Support/kotlin/daemon]
	at org.jetbrains.kotlin.library.SingleFileResolveKt$resolveSingleFileKlib$1.fatal(SingleFileResolve.kt:21)
	at org.jetbrains.kotlin.library.KotlinLibrarySearchPathResolver.resolve(SearchPathResolver.kt:171)
	at org.jetbrains.kotlin.library.KotlinLibrarySearchPathResolver.resolve(SearchPathResolver.kt:176)
	at org.jetbrains.kotlin.library.CompilerSingleFileKlibResolveStrategy.resolve(SearchPathResolver.kt:298)
	at org.jetbrains.kotlin.library.SingleFileResolveKt.resolveSingleFileKlib(SingleFileResolve.kt:24)
	at org.jetbrains.kotlin.library.SingleFileResolveKt.resolveSingleFileKlib$default(SingleFileResolve.kt:15)
	at org.jetbrains.kotlin.cli.metadata.KlibMetadataDependencyContainer.<init>(K2MetadataKlibSerializer.kt:117)
	at org.jetbrains.kotlin.cli.metadata.K2MetadataKlibSerializer$serialize$analyzer$1.invoke(K2MetadataKlibSerializer.kt:49)
	at org.jetbrains.kotlin.cli.metadata.K2MetadataKlibSerializer$serialize$analyzer$1.invoke(K2MetadataKlibSerializer.kt:43)
	at org.jetbrains.kotlin.cli.metadata.CommonAnalysisKt.runCommonAnalysisForSerialization(CommonAnalysis.kt:42)
	at org.jetbrains.kotlin.cli.metadata.K2MetadataKlibSerializer.serialize(K2MetadataKlibSerializer.kt:48)
	at org.jetbrains.kotlin.cli.metadata.K2MetadataCompiler.doExecute(K2MetadataCompiler.kt:122)
	at org.jetbrains.kotlin.cli.metadata.K2MetadataCompiler.doExecute(K2MetadataCompiler.kt:40)
	at org.jetbrains.kotlin.cli.common.CLICompiler.execImpl(CLICompiler.kt:100)
	at org.jetbrains.kotlin.cli.common.CLICompiler.execImpl(CLICompiler.kt:46)
	at org.jetbrains.kotlin.cli.common.CLITool.exec(CLITool.kt:101)
	at org.jetbrains.kotlin.daemon.CompileServiceImpl.compile(CompileServiceImpl.kt:1486)
	at java.base/jdk.internal.reflect.NativeMethodAccessorImpl.invoke0(Native Method)
	at java.base/jdk.internal.reflect.NativeMethodAccessorImpl.invoke(Unknown Source)
	at java.base/jdk.internal.reflect.DelegatingMethodAccessorImpl.invoke(Unknown Source)
	at java.base/java.lang.reflect.Method.invoke(Unknown Source)
	at java.rmi/sun.rmi.server.UnicastServerRef.dispatch(Unknown Source)
	at java.rmi/sun.rmi.transport.Transport$1.run(Unknown Source)
	at java.rmi/sun.rmi.transport.Transport$1.run(Unknown Source)
	at java.base/java.security.AccessController.doPrivileged(Unknown Source)
	at java.rmi/sun.rmi.transport.Transport.serviceCall(Unknown Source)
	at java.rmi/sun.rmi.transport.tcp.TCPTransport.handleMessages(Unknown Source)
	at java.rmi/sun.rmi.transport.tcp.TCPTransport$ConnectionHandler.run0(Unknown Source)
	at java.rmi/sun.rmi.transport.tcp.TCPTransport$ConnectionHandler.lambda$run$0(Unknown Source)
	at java.base/java.security.AccessController.doPrivileged(Unknown Source)
	at java.rmi/sun.rmi.transport.tcp.TCPTransport$ConnectionHandler.run(Unknown Source)
	at java.base/java.util.concurrent.ThreadPoolExecutor.runWorker(Unknown Source)
	at java.base/java.util.concurrent.ThreadPoolExecutor$Worker.run(Unknown Source)
	at java.base/java.lang.Thread.run(Unknown Source)


